Analysis & Synthesis report for HX8357
Thu Mar 02 18:32:53 2017
Quartus II 64-Bit Version 13.0.1 Build 232 06/12/2013 Service Pack 1 SJ Web Edition


---------------------
; Table of Contents ;
---------------------
  1. Legal Notice
  2. Analysis & Synthesis Summary
  3. Analysis & Synthesis Settings
  4. Parallel Compilation
  5. Analysis & Synthesis Source Files Read
  6. Analysis & Synthesis Resource Usage Summary
  7. Analysis & Synthesis Resource Utilization by Entity
  8. Registers Removed During Synthesis
  9. General Register Statistics
 10. Multiplexer Restructuring Statistics (Restructuring Performed)
 11. Parameter Settings for User Entity Instance: clock_divider:clk_div
 12. Parameter Settings for User Entity Instance: HX8357_FSM_new:FSM|instruction_rom:inst_rom
 13. Elapsed Time Per Partition
 14. Analysis & Synthesis Messages
 15. Analysis & Synthesis Suppressed Messages



----------------
; Legal Notice ;
----------------
Copyright (C) 1991-2013 Altera Corporation
Your use of Altera Corporation's design tools, logic functions 
and other software and tools, and its AMPP partner logic 
functions, and any output files from any of the foregoing 
(including device programming or simulation files), and any 
associated documentation or information are expressly subject 
to the terms and conditions of the Altera Program License 
Subscription Agreement, Altera MegaCore Function License 
Agreement, or other applicable license agreement, including, 
without limitation, that your use is for the sole purpose of 
programming logic devices manufactured by Altera and sold by 
Altera or its authorized distributors.  Please refer to the 
applicable agreement for further details.



+--------------------------------------------------------------------------------------+
; Analysis & Synthesis Summary                                                         ;
+------------------------------------+-------------------------------------------------+
; Analysis & Synthesis Status        ; Successful - Thu Mar 02 18:32:53 2017           ;
; Quartus II 64-Bit Version          ; 13.0.1 Build 232 06/12/2013 SP 1 SJ Web Edition ;
; Revision Name                      ; HX8357                                          ;
; Top-level Entity Name              ; HX8357_top                                      ;
; Family                             ; Cyclone II                                      ;
; Total logic elements               ; 183                                             ;
;     Total combinational functions  ; 183                                             ;
;     Dedicated logic registers      ; 65                                              ;
; Total registers                    ; 65                                              ;
; Total pins                         ; 23                                              ;
; Total virtual pins                 ; 0                                               ;
; Total memory bits                  ; 0                                               ;
; Embedded Multiplier 9-bit elements ; 0                                               ;
; Total PLLs                         ; 0                                               ;
+------------------------------------+-------------------------------------------------+


+----------------------------------------------------------------------------------------------------------------------+
; Analysis & Synthesis Settings                                                                                        ;
+----------------------------------------------------------------------------+--------------------+--------------------+
; Option                                                                     ; Setting            ; Default Value      ;
+----------------------------------------------------------------------------+--------------------+--------------------+
; Device                                                                     ; EP2C5T144C8        ;                    ;
; Top-level entity name                                                      ; HX8357_top         ; HX8357             ;
; Family name                                                                ; Cyclone II         ; Cyclone IV GX      ;
; Use smart compilation                                                      ; Off                ; Off                ;
; Enable parallel Assembler and TimeQuest Timing Analyzer during compilation ; On                 ; On                 ;
; Enable compact report table                                                ; Off                ; Off                ;
; Restructure Multiplexers                                                   ; Auto               ; Auto               ;
; Create Debugging Nodes for IP Cores                                        ; Off                ; Off                ;
; Preserve fewer node names                                                  ; On                 ; On                 ;
; Disable OpenCore Plus hardware evaluation                                  ; Off                ; Off                ;
; Verilog Version                                                            ; Verilog_2001       ; Verilog_2001       ;
; VHDL Version                                                               ; VHDL_1993          ; VHDL_1993          ;
; State Machine Processing                                                   ; Auto               ; Auto               ;
; Safe State Machine                                                         ; Off                ; Off                ;
; Extract Verilog State Machines                                             ; On                 ; On                 ;
; Extract VHDL State Machines                                                ; On                 ; On                 ;
; Ignore Verilog initial constructs                                          ; Off                ; Off                ;
; Iteration limit for constant Verilog loops                                 ; 5000               ; 5000               ;
; Iteration limit for non-constant Verilog loops                             ; 250                ; 250                ;
; Add Pass-Through Logic to Inferred RAMs                                    ; On                 ; On                 ;
; Infer RAMs from Raw Logic                                                  ; On                 ; On                 ;
; Parallel Synthesis                                                         ; On                 ; On                 ;
; DSP Block Balancing                                                        ; Auto               ; Auto               ;
; NOT Gate Push-Back                                                         ; On                 ; On                 ;
; Power-Up Don't Care                                                        ; On                 ; On                 ;
; Remove Redundant Logic Cells                                               ; Off                ; Off                ;
; Remove Duplicate Registers                                                 ; On                 ; On                 ;
; Ignore CARRY Buffers                                                       ; Off                ; Off                ;
; Ignore CASCADE Buffers                                                     ; Off                ; Off                ;
; Ignore GLOBAL Buffers                                                      ; Off                ; Off                ;
; Ignore ROW GLOBAL Buffers                                                  ; Off                ; Off                ;
; Ignore LCELL Buffers                                                       ; Off                ; Off                ;
; Ignore SOFT Buffers                                                        ; On                 ; On                 ;
; Limit AHDL Integers to 32 Bits                                             ; Off                ; Off                ;
; Optimization Technique                                                     ; Balanced           ; Balanced           ;
; Carry Chain Length                                                         ; 70                 ; 70                 ;
; Auto Carry Chains                                                          ; On                 ; On                 ;
; Auto Open-Drain Pins                                                       ; On                 ; On                 ;
; Perform WYSIWYG Primitive Resynthesis                                      ; Off                ; Off                ;
; Auto ROM Replacement                                                       ; On                 ; On                 ;
; Auto RAM Replacement                                                       ; On                 ; On                 ;
; Auto Shift Register Replacement                                            ; Auto               ; Auto               ;
; Allow Shift Register Merging across Hierarchies                            ; Auto               ; Auto               ;
; Auto Clock Enable Replacement                                              ; On                 ; On                 ;
; Strict RAM Replacement                                                     ; Off                ; Off                ;
; Allow Synchronous Control Signals                                          ; On                 ; On                 ;
; Force Use of Synchronous Clear Signals                                     ; Off                ; Off                ;
; Auto RAM to Logic Cell Conversion                                          ; Off                ; Off                ;
; Auto Resource Sharing                                                      ; Off                ; Off                ;
; Allow Any RAM Size For Recognition                                         ; Off                ; Off                ;
; Allow Any ROM Size For Recognition                                         ; Off                ; Off                ;
; Allow Any Shift Register Size For Recognition                              ; Off                ; Off                ;
; Use LogicLock Constraints during Resource Balancing                        ; On                 ; On                 ;
; Ignore translate_off and synthesis_off directives                          ; Off                ; Off                ;
; Timing-Driven Synthesis                                                    ; Off                ; Off                ;
; Report Parameter Settings                                                  ; On                 ; On                 ;
; Report Source Assignments                                                  ; On                 ; On                 ;
; Report Connectivity Checks                                                 ; On                 ; On                 ;
; Ignore Maximum Fan-Out Assignments                                         ; Off                ; Off                ;
; Synchronization Register Chain Length                                      ; 2                  ; 2                  ;
; PowerPlay Power Optimization                                               ; Normal compilation ; Normal compilation ;
; HDL message level                                                          ; Level2             ; Level2             ;
; Suppress Register Optimization Related Messages                            ; Off                ; Off                ;
; Number of Removed Registers Reported in Synthesis Report                   ; 5000               ; 5000               ;
; Number of Swept Nodes Reported in Synthesis Report                         ; 5000               ; 5000               ;
; Number of Inverted Registers Reported in Synthesis Report                  ; 100                ; 100                ;
; Clock MUX Protection                                                       ; On                 ; On                 ;
; Auto Gated Clock Conversion                                                ; Off                ; Off                ;
; Block Design Naming                                                        ; Auto               ; Auto               ;
; SDC constraint protection                                                  ; Off                ; Off                ;
; Synthesis Effort                                                           ; Auto               ; Auto               ;
; Shift Register Replacement - Allow Asynchronous Clear Signal               ; On                 ; On                 ;
; Pre-Mapping Resynthesis Optimization                                       ; Off                ; Off                ;
; Analysis & Synthesis Message Level                                         ; Medium             ; Medium             ;
; Disable Register Merging Across Hierarchies                                ; Auto               ; Auto               ;
; Resource Aware Inference For Block RAM                                     ; On                 ; On                 ;
; Synthesis Seed                                                             ; 1                  ; 1                  ;
+----------------------------------------------------------------------------+--------------------+--------------------+


Parallel compilation was disabled, but you have multiple processors available. Enable parallel compilation to reduce compilation time.
+-------------------------------------+
; Parallel Compilation                ;
+----------------------------+--------+
; Processors                 ; Number ;
+----------------------------+--------+
; Number detected on machine ; 4      ;
; Maximum allowed            ; 1      ;
+----------------------------+--------+


+--------------------------------------------------------------------------------------------------------------------------------------------------------------------------------------------------------------+
; Analysis & Synthesis Source Files Read                                                                                                                                                                       ;
+-------------------------------------------------------------------------+-----------------+------------------------------+-------------------------------------------------------------------------+---------+
; File Name with User-Entered Path                                        ; Used in Netlist ; File Type                    ; File Name with Absolute Path                                            ; Library ;
+-------------------------------------------------------------------------+-----------------+------------------------------+-------------------------------------------------------------------------+---------+
; ../clock_divider.sv                                                     ; yes             ; User SystemVerilog HDL File  ; D:/SVNs/Elektronik/FPGA/HX8357 Display/clock_divider.sv                 ;         ;
; ../instruction_rom.sv                                                   ; yes             ; User SystemVerilog HDL File  ; D:/SVNs/Elektronik/FPGA/HX8357 Display/instruction_rom.sv               ;         ;
; ../HX8357_FSM_new.sv                                                    ; yes             ; User SystemVerilog HDL File  ; D:/SVNs/Elektronik/FPGA/HX8357 Display/HX8357_FSM_new.sv                ;         ;
; ../HX8357_cont.sv                                                       ; yes             ; User SystemVerilog HDL File  ; D:/SVNs/Elektronik/FPGA/HX8357 Display/HX8357_cont.sv                   ;         ;
; ../HX8357_top.sv                                                        ; yes             ; User SystemVerilog HDL File  ; D:/SVNs/Elektronik/FPGA/HX8357 Display/HX8357_top.sv                    ;         ;
; /svns/elektronik/fpga/hx8357 display/rom_instructions_wo_underscore.bin ; yes             ; Auto-Found Unspecified File  ; /svns/elektronik/fpga/hx8357 display/rom_instructions_wo_underscore.bin ;         ;
+-------------------------------------------------------------------------+-----------------+------------------------------+-------------------------------------------------------------------------+---------+


+-----------------------------------------------------+
; Analysis & Synthesis Resource Usage Summary         ;
+---------------------------------------------+-------+
; Resource                                    ; Usage ;
+---------------------------------------------+-------+
; Estimated Total logic elements              ; 183   ;
;                                             ;       ;
; Total combinational functions               ; 183   ;
; Logic element usage by number of LUT inputs ;       ;
;     -- 4 input functions                    ; 105   ;
;     -- 3 input functions                    ; 21    ;
;     -- <=2 input functions                  ; 57    ;
;                                             ;       ;
; Logic elements by mode                      ;       ;
;     -- normal mode                          ; 139   ;
;     -- arithmetic mode                      ; 44    ;
;                                             ;       ;
; Total registers                             ; 65    ;
;     -- Dedicated logic registers            ; 65    ;
;     -- I/O registers                        ; 0     ;
;                                             ;       ;
; I/O pins                                    ; 23    ;
; Embedded Multiplier 9-bit elements          ; 0     ;
; Maximum fan-out node                        ; nres  ;
; Maximum fan-out                             ; 87    ;
; Total fan-out                               ; 874   ;
; Average fan-out                             ; 3.23  ;
+---------------------------------------------+-------+


+-----------------------------------------------------------------------------------------------------------------------------------------------------------------------------------------------------------------------+
; Analysis & Synthesis Resource Utilization by Entity                                                                                                                                                                   ;
+----------------------------------+-------------------+--------------+-------------+--------------+---------+-----------+------+--------------+---------------------------------------------------------+--------------+
; Compilation Hierarchy Node       ; LC Combinationals ; LC Registers ; Memory Bits ; DSP Elements ; DSP 9x9 ; DSP 18x18 ; Pins ; Virtual Pins ; Full Hierarchy Name                                     ; Library Name ;
+----------------------------------+-------------------+--------------+-------------+--------------+---------+-----------+------+--------------+---------------------------------------------------------+--------------+
; |HX8357_top                      ; 183 (0)           ; 65 (0)       ; 0           ; 0            ; 0       ; 0         ; 23   ; 0            ; |HX8357_top                                             ; work         ;
;    |HX8357_FSM_new:FSM|          ; 107 (81)          ; 35 (35)      ; 0           ; 0            ; 0       ; 0         ; 0    ; 0            ; |HX8357_top|HX8357_FSM_new:FSM                          ; work         ;
;       |instruction_rom:inst_rom| ; 26 (26)           ; 0 (0)        ; 0           ; 0            ; 0       ; 0         ; 0    ; 0            ; |HX8357_top|HX8357_FSM_new:FSM|instruction_rom:inst_rom ; work         ;
;    |HX8357_cont:Control|         ; 53 (53)           ; 13 (13)      ; 0           ; 0            ; 0       ; 0         ; 0    ; 0            ; |HX8357_top|HX8357_cont:Control                         ; work         ;
;    |clock_divider:clk_div|       ; 23 (23)           ; 17 (17)      ; 0           ; 0            ; 0       ; 0         ; 0    ; 0            ; |HX8357_top|clock_divider:clk_div                       ; work         ;
+----------------------------------+-------------------+--------------+-------------+--------------+---------+-----------+------+--------------+---------------------------------------------------------+--------------+
Note: For table entries with two numbers listed, the numbers in parentheses indicate the number of resources of the given type used by the specific entity alone. The numbers listed outside of parentheses indicate the total resources of the given type used by the specific entity and all of its sub-entities in the hierarchy.


+-------------------------------------------------------------------------------------------+
; Registers Removed During Synthesis                                                        ;
+-----------------------------------------+-------------------------------------------------+
; Register name                           ; Reason for Removal                              ;
+-----------------------------------------+-------------------------------------------------+
; HX8357_cont:Control|state[3..31]        ; Stuck at GND due to stuck port data_in          ;
; HX8357_cont:Control|data_sample[11..14] ; Merged with HX8357_cont:Control|data_sample[15] ;
; HX8357_cont:Control|data_sample[8,9]    ; Merged with HX8357_cont:Control|data_sample[10] ;
; HX8357_FSM_new:FSM|state[3..9,11..31]   ; Merged with HX8357_FSM_new:FSM|state[10]        ;
; HX8357_cont:Control|data_sample[15]     ; Stuck at GND due to stuck port data_in          ;
; HX8357_FSM_new:FSM|state[10]            ; Stuck at GND due to stuck port data_in          ;
; Total Number of Removed Registers = 65  ;                                                 ;
+-----------------------------------------+-------------------------------------------------+


+------------------------------------------------------+
; General Register Statistics                          ;
+----------------------------------------------+-------+
; Statistic                                    ; Value ;
+----------------------------------------------+-------+
; Total registers                              ; 65    ;
; Number of registers using Synchronous Clear  ; 29    ;
; Number of registers using Synchronous Load   ; 1     ;
; Number of registers using Asynchronous Clear ; 65    ;
; Number of registers using Asynchronous Load  ; 0     ;
; Number of registers using Clock Enable       ; 31    ;
; Number of registers using Preset             ; 0     ;
+----------------------------------------------+-------+


+-------------------------------------------------------------------------------------------------------------------------------------------------------------------+
; Multiplexer Restructuring Statistics (Restructuring Performed)                                                                                                    ;
+--------------------+-----------+---------------+----------------------+------------------------+------------+-----------------------------------------------------+
; Multiplexer Inputs ; Bus Width ; Baseline Area ; Area if Restructured ; Saving if Restructured ; Registered ; Example Multiplexer Output                          ;
+--------------------+-----------+---------------+----------------------+------------------------+------------+-----------------------------------------------------+
; 9:1                ; 8 bits    ; 48 LEs        ; 8 LEs                ; 40 LEs                 ; Yes        ; |HX8357_top|HX8357_FSM_new:FSM|inst_cnt[0]          ;
; 10:1               ; 23 bits   ; 138 LEs       ; 23 LEs               ; 115 LEs                ; Yes        ; |HX8357_top|HX8357_FSM_new:FSM|cnt[15]              ;
; 4:1                ; 5 bits    ; 10 LEs        ; 10 LEs               ; 0 LEs                  ; No         ; |HX8357_top|HX8357_cont:Control|data_sample_next[5] ;
; 6:1                ; 3 bits    ; 12 LEs        ; 6 LEs                ; 6 LEs                  ; No         ; |HX8357_top|HX8357_cont:Control|data_sample_next[0] ;
+--------------------+-----------+---------------+----------------------+------------------------+------------+-----------------------------------------------------+


+--------------------------------------------------------------------+
; Parameter Settings for User Entity Instance: clock_divider:clk_div ;
+----------------+-------+-------------------------------------------+
; Parameter Name ; Value ; Type                                      ;
+----------------+-------+-------------------------------------------+
; DIV            ; 2     ; Signed Integer                            ;
+----------------+-------+-------------------------------------------+
Note: In order to hide this table in the UI and the text report file, please set the "Show Parameter Settings in Synthesis Report" option in "Analysis and Synthesis Settings -> More Settings" to "Off".


+------------------------------------------------------------------------------------------+
; Parameter Settings for User Entity Instance: HX8357_FSM_new:FSM|instruction_rom:inst_rom ;
+----------------+-------+-----------------------------------------------------------------+
; Parameter Name ; Value ; Type                                                            ;
+----------------+-------+-----------------------------------------------------------------+
; DATA_WIDTH     ; 16    ; Signed Integer                                                  ;
; ADDR_WIDTH     ; 6     ; Signed Integer                                                  ;
+----------------+-------+-----------------------------------------------------------------+
Note: In order to hide this table in the UI and the text report file, please set the "Show Parameter Settings in Synthesis Report" option in "Analysis and Synthesis Settings -> More Settings" to "Off".


+-------------------------------+
; Elapsed Time Per Partition    ;
+----------------+--------------+
; Partition Name ; Elapsed Time ;
+----------------+--------------+
; Top            ; 00:00:01     ;
+----------------+--------------+


+-------------------------------+
; Analysis & Synthesis Messages ;
+-------------------------------+
Info: *******************************************************************
Info: Running Quartus II 64-Bit Analysis & Synthesis
    Info: Version 13.0.1 Build 232 06/12/2013 Service Pack 1 SJ Web Edition
    Info: Processing started: Thu Mar 02 18:32:50 2017
Info: Command: quartus_map --read_settings_files=on --write_settings_files=off HX8357 -c HX8357
Warning (20028): Parallel compilation is not licensed and has been disabled
Info (12021): Found 1 design units, including 1 entities, in source file /svns/elektronik/fpga/hx8357 display/clock_divider.sv
    Info (12023): Found entity 1: clock_divider
Info (12021): Found 1 design units, including 1 entities, in source file /svns/elektronik/fpga/hx8357 display/instruction_rom.sv
    Info (12023): Found entity 1: instruction_rom
Info (12021): Found 1 design units, including 1 entities, in source file /svns/elektronik/fpga/hx8357 display/hx8357_fsm_tb.sv
    Info (12023): Found entity 1: HX8357_FSM_tb
Info (12021): Found 1 design units, including 1 entities, in source file /svns/elektronik/fpga/hx8357 display/hx8357_fsm_new.sv
    Info (12023): Found entity 1: HX8357_FSM_new
Info (12021): Found 1 design units, including 1 entities, in source file /svns/elektronik/fpga/hx8357 display/hx8357_cont_tb.sv
    Info (12023): Found entity 1: HX8357_cont_tb
Info (12021): Found 1 design units, including 1 entities, in source file /svns/elektronik/fpga/hx8357 display/hx8357_cont.sv
    Info (12023): Found entity 1: HX8357_cont
Info (12021): Found 1 design units, including 1 entities, in source file /svns/elektronik/fpga/hx8357 display/hx8357_top.sv
    Info (12023): Found entity 1: HX8357_top
Info (12127): Elaborating entity "HX8357_top" for the top level hierarchy
Info (12128): Elaborating entity "clock_divider" for hierarchy "clock_divider:clk_div"
Info (12128): Elaborating entity "HX8357_FSM_new" for hierarchy "HX8357_FSM_new:FSM"
Info (12128): Elaborating entity "instruction_rom" for hierarchy "HX8357_FSM_new:FSM|instruction_rom:inst_rom"
Warning (10850): Verilog HDL warning at instruction_rom.sv(35): number of words (48) in memory file does not match the number of elements in the address range [0:63]
Warning (10030): Net "rom.data_a" at instruction_rom.sv(23) has no driver or initial value, using a default initial value '0'
Warning (10030): Net "rom.waddr_a" at instruction_rom.sv(23) has no driver or initial value, using a default initial value '0'
Warning (10030): Net "rom.we_a" at instruction_rom.sv(23) has no driver or initial value, using a default initial value '0'
Info (12128): Elaborating entity "HX8357_cont" for hierarchy "HX8357_cont:Control"
Warning (127007): Memory Initialization File or Hexadecimal (Intel-Format) File "D:/SVNs/Elektronik/FPGA/HX8357 Display/QuartusII/db/HX8357.ram0_instruction_rom_fa3e2fde.hdl.mif" contains "don't care" values -- overwriting them with 0s
Warning (13024): Output pins are stuck at VCC or GND
    Warning (13410): Pin "RDx" is stuck at VCC
Info (144001): Generated suppressed messages file D:/SVNs/Elektronik/FPGA/HX8357 Display/QuartusII/output_files/HX8357.map.smsg
Info (16010): Generating hard_block partition "hard_block:auto_generated_inst"
    Info (16011): Adding 0 node(s), including 0 DDIO, 0 PLL, 0 transceiver and 0 LCELL
Info (21057): Implemented 215 device resources after synthesis - the final resource count might be different
    Info (21058): Implemented 2 input pins
    Info (21059): Implemented 21 output pins
    Info (21061): Implemented 192 logic cells
Info: Quartus II 64-Bit Analysis & Synthesis was successful. 0 errors, 8 warnings
    Info: Peak virtual memory: 469 megabytes
    Info: Processing ended: Thu Mar 02 18:32:53 2017
    Info: Elapsed time: 00:00:03
    Info: Total CPU time (on all processors): 00:00:03


+------------------------------------------+
; Analysis & Synthesis Suppressed Messages ;
+------------------------------------------+
The suppressed messages can be found in D:/SVNs/Elektronik/FPGA/HX8357 Display/QuartusII/output_files/HX8357.map.smsg.


